This is pdfTeX, Version 3.1415926-2.5-1.40.14 (TeX Live 2013/Debian) (format=pdflatex 2015.8.19)  31 AUG 2015 18:50
entering extended mode
 restricted \write18 enabled.
 Source specials enabled.
 %&-line parsing enabled.
**Murat_Ambarkutuk_PS0.tex
(./Murat_Ambarkutuk_PS0.tex
LaTeX2e <2011/06/27>
Babel <3.9h> and hyphenation patterns for 2 languages loaded.
(/usr/share/texlive/texmf-dist/tex/latex/base/article.cls
Document Class: article 2007/10/19 v1.4h Standard LaTeX document class
(/usr/share/texlive/texmf-dist/tex/latex/base/size10.clo
File: size10.clo 2007/10/19 v1.4h Standard LaTeX file (size option)
)
\c@part=\count79
\c@section=\count80
\c@subsection=\count81
\c@subsubsection=\count82
\c@paragraph=\count83
\c@subparagraph=\count84
\c@figure=\count85
\c@table=\count86
\abovecaptionskip=\skip41
\belowcaptionskip=\skip42
\bibindent=\dimen102
)
(/usr/share/texlive/texmf-dist/tex/latex/listings/listings.sty
(/usr/share/texlive/texmf-dist/tex/latex/graphics/keyval.sty
Package: keyval 1999/03/16 v1.13 key=value parser (DPC)
\KV@toks@=\toks14
)
\lst@mode=\count87
\lst@gtempboxa=\box26
\lst@token=\toks15
\lst@length=\count88
\lst@currlwidth=\dimen103
\lst@column=\count89
\lst@pos=\count90
\lst@lostspace=\dimen104
\lst@width=\dimen105
\lst@newlines=\count91
\lst@lineno=\count92
\lst@maxwidth=\dimen106

(/usr/share/texlive/texmf-dist/tex/latex/listings/lstmisc.sty
File: lstmisc.sty 2013/08/26 1.5b (Carsten Heinz)
\c@lstnumber=\count93
\lst@skipnumbers=\count94
\lst@framebox=\box27
)
(/usr/share/texlive/texmf-dist/tex/latex/listings/listings.cfg
File: listings.cfg 2013/08/26 1.5b listings configuration
))
Package: listings 2013/08/26 1.5b (Carsten Heinz)

(/usr/share/texlive/texmf-dist/tex/latex/graphics/graphicx.sty
Package: graphicx 1999/02/16 v1.0f Enhanced LaTeX Graphics (DPC,SPQR)

(/usr/share/texlive/texmf-dist/tex/latex/graphics/graphics.sty
Package: graphics 2009/02/05 v1.0o Standard LaTeX Graphics (DPC,SPQR)

(/usr/share/texlive/texmf-dist/tex/latex/graphics/trig.sty
Package: trig 1999/03/16 v1.09 sin cos tan (DPC)
)
(/usr/share/texlive/texmf-dist/tex/latex/latexconfig/graphics.cfg
File: graphics.cfg 2010/04/23 v1.9 graphics configuration of TeX Live
)
Package graphics Info: Driver file: pdftex.def on input line 91.

(/usr/share/texlive/texmf-dist/tex/latex/pdftex-def/pdftex.def
File: pdftex.def 2011/05/27 v0.06d Graphics/color for pdfTeX

(/usr/share/texlive/texmf-dist/tex/generic/oberdiek/infwarerr.sty
Package: infwarerr 2010/04/08 v1.3 Providing info/warning/error messages (HO)
)
(/usr/share/texlive/texmf-dist/tex/generic/oberdiek/ltxcmds.sty
Package: ltxcmds 2011/11/09 v1.22 LaTeX kernel commands for general use (HO)
)
\Gread@gobject=\count95
))
\Gin@req@height=\dimen107
\Gin@req@width=\dimen108
)
(/usr/share/texlive/texmf-dist/tex/latex/graphics/color.sty
Package: color 2005/11/14 v1.0j Standard LaTeX Color (DPC)

(/usr/share/texlive/texmf-dist/tex/latex/latexconfig/color.cfg
File: color.cfg 2007/01/18 v1.5 color configuration of teTeX/TeXLive
)
Package color Info: Driver file: pdftex.def on input line 130.
)
(/usr/share/texlive/texmf-dist/tex/latex/enumitem/enumitem.sty
Package: enumitem 2011/09/28 v3.5.2 Customized lists
\labelindent=\skip43
\enit@outerparindent=\dimen109
\enit@toks=\toks16
\enit@inbox=\box28
\enitdp@description=\count96
)
(/usr/share/texlive/texmf-dist/tex/latex/amsfonts/amsfonts.sty
Package: amsfonts 2013/01/14 v3.01 Basic AMSFonts support
\@emptytoks=\toks17
\symAMSa=\mathgroup4
\symAMSb=\mathgroup5
LaTeX Font Info:    Overwriting math alphabet `\mathfrak' in version `bold'
(Font)                  U/euf/m/n --> U/euf/b/n on input line 106.
)
(/usr/share/texlive/texmf-dist/tex/latex/mh/mathtools.sty
Package: mathtools 2013/02/12 v1.13 mathematical typesetting tools

(/usr/share/texlive/texmf-dist/tex/latex/tools/calc.sty
Package: calc 2007/08/22 v4.3 Infix arithmetic (KKT,FJ)
\calc@Acount=\count97
\calc@Bcount=\count98
\calc@Adimen=\dimen110
\calc@Bdimen=\dimen111
\calc@Askip=\skip44
\calc@Bskip=\skip45
LaTeX Info: Redefining \setlength on input line 76.
LaTeX Info: Redefining \addtolength on input line 77.
\calc@Ccount=\count99
\calc@Cskip=\skip46
)
(/usr/share/texlive/texmf-dist/tex/latex/mh/mhsetup.sty
Package: mhsetup 2010/01/21 v1.2a programming setup (MH)
)
(/usr/share/texlive/texmf-dist/tex/latex/amsmath/amsmath.sty
Package: amsmath 2013/01/14 v2.14 AMS math features
\@mathmargin=\skip47

For additional information on amsmath, use the `?' option.
(/usr/share/texlive/texmf-dist/tex/latex/amsmath/amstext.sty
Package: amstext 2000/06/29 v2.01

(/usr/share/texlive/texmf-dist/tex/latex/amsmath/amsgen.sty
File: amsgen.sty 1999/11/30 v2.0
\@emptytoks=\toks18
\ex@=\dimen112
))
(/usr/share/texlive/texmf-dist/tex/latex/amsmath/amsbsy.sty
Package: amsbsy 1999/11/29 v1.2d
\pmbraise@=\dimen113
)
(/usr/share/texlive/texmf-dist/tex/latex/amsmath/amsopn.sty
Package: amsopn 1999/12/14 v2.01 operator names
)
\inf@bad=\count100
LaTeX Info: Redefining \frac on input line 210.
\uproot@=\count101
\leftroot@=\count102
LaTeX Info: Redefining \overline on input line 306.
\classnum@=\count103
\DOTSCASE@=\count104
LaTeX Info: Redefining \ldots on input line 378.
LaTeX Info: Redefining \dots on input line 381.
LaTeX Info: Redefining \cdots on input line 466.
\Mathstrutbox@=\box29
\strutbox@=\box30
\big@size=\dimen114
LaTeX Font Info:    Redeclaring font encoding OML on input line 566.
LaTeX Font Info:    Redeclaring font encoding OMS on input line 567.
\macc@depth=\count105
\c@MaxMatrixCols=\count106
\dotsspace@=\muskip10
\c@parentequation=\count107
\dspbrk@lvl=\count108
\tag@help=\toks19
\row@=\count109
\column@=\count110
\maxfields@=\count111
\andhelp@=\toks20
\eqnshift@=\dimen115
\alignsep@=\dimen116
\tagshift@=\dimen117
\tagwidth@=\dimen118
\totwidth@=\dimen119
\lineht@=\dimen120
\@envbody=\toks21
\multlinegap=\skip48
\multlinetaggap=\skip49
\mathdisplay@stack=\toks22
LaTeX Info: Redefining \[ on input line 2665.
LaTeX Info: Redefining \] on input line 2666.
)
LaTeX Info: Thecontrolsequence`\['isalreadyrobust on input line 129.
LaTeX Info: Thecontrolsequence`\]'isalreadyrobust on input line 129.
\g_MT_multlinerow_int=\count112
\l_MT_multwidth_dim=\dimen121
\origjot=\skip50
\l_MT_shortvdotswithinadjustabove_dim=\dimen122
\l_MT_shortvdotswithinadjustbelow_dim=\dimen123
\l_MT_above_intertext_sep=\dimen124
\l_MT_below_intertext_sep=\dimen125
\l_MT_above_shortintertext_sep=\dimen126
\l_MT_below_shortintertext_sep=\dimen127
)
(./Murat_Ambarkutuk_PS0.aux)
\openout1 = `Murat_Ambarkutuk_PS0.aux'.

LaTeX Font Info:    Checking defaults for OML/cmm/m/it on input line 28.
LaTeX Font Info:    ... okay on input line 28.
LaTeX Font Info:    Checking defaults for T1/cmr/m/n on input line 28.
LaTeX Font Info:    ... okay on input line 28.
LaTeX Font Info:    Checking defaults for OT1/cmr/m/n on input line 28.
LaTeX Font Info:    ... okay on input line 28.
LaTeX Font Info:    Checking defaults for OMS/cmsy/m/n on input line 28.
LaTeX Font Info:    ... okay on input line 28.
LaTeX Font Info:    Checking defaults for OMX/cmex/m/n on input line 28.
LaTeX Font Info:    ... okay on input line 28.
LaTeX Font Info:    Checking defaults for U/cmr/m/n on input line 28.
LaTeX Font Info:    ... okay on input line 28.
\c@lstlisting=\count113

(/usr/share/texlive/texmf-dist/tex/context/base/supp-pdf.mkii
[Loading MPS to PDF converter (version 2006.09.02).]
\scratchcounter=\count114
\scratchdimen=\dimen128
\scratchbox=\box31
\nofMPsegments=\count115
\nofMParguments=\count116
\everyMPshowfont=\toks23
\MPscratchCnt=\count117
\MPscratchDim=\dimen129
\MPnumerator=\count118
\makeMPintoPDFobject=\count119
\everyMPtoPDFconversion=\toks24
) (/usr/share/texlive/texmf-dist/tex/generic/oberdiek/pdftexcmds.sty
Package: pdftexcmds 2011/11/29 v0.20 Utility functions of pdfTeX for LuaTeX (HO
)

(/usr/share/texlive/texmf-dist/tex/generic/oberdiek/ifluatex.sty
Package: ifluatex 2010/03/01 v1.3 Provides the ifluatex switch (HO)
Package ifluatex Info: LuaTeX not detected.
)
(/usr/share/texlive/texmf-dist/tex/generic/oberdiek/ifpdf.sty
Package: ifpdf 2011/01/30 v2.3 Provides the ifpdf switch (HO)
Package ifpdf Info: pdfTeX in PDF mode is detected.
)
Package pdftexcmds Info: LuaTeX not detected.
Package pdftexcmds Info: \pdf@primitive is available.
Package pdftexcmds Info: \pdf@ifprimitive is available.
Package pdftexcmds Info: \pdfdraftmode found.
)
(/usr/share/texlive/texmf-dist/tex/latex/oberdiek/epstopdf-base.sty
Package: epstopdf-base 2010/02/09 v2.5 Base part for package epstopdf

(/usr/share/texlive/texmf-dist/tex/latex/oberdiek/grfext.sty
Package: grfext 2010/08/19 v1.1 Manage graphics extensions (HO)

(/usr/share/texlive/texmf-dist/tex/generic/oberdiek/kvdefinekeys.sty
Package: kvdefinekeys 2011/04/07 v1.3 Define keys (HO)
))
(/usr/share/texlive/texmf-dist/tex/latex/oberdiek/kvoptions.sty
Package: kvoptions 2011/06/30 v3.11 Key value format for package options (HO)

(/usr/share/texlive/texmf-dist/tex/generic/oberdiek/kvsetkeys.sty
Package: kvsetkeys 2012/04/25 v1.16 Key value parser (HO)

(/usr/share/texlive/texmf-dist/tex/generic/oberdiek/etexcmds.sty
Package: etexcmds 2011/02/16 v1.5 Avoid name clashes with e-TeX commands (HO)
Package etexcmds Info: Could not find \expanded.
(etexcmds)             That can mean that you are not using pdfTeX 1.50 or
(etexcmds)             that some package has redefined \expanded.
(etexcmds)             In the latter case, load this package earlier.
)))
Package grfext Info: Graphics extension search list:
(grfext)             [.png,.pdf,.jpg,.mps,.jpeg,.jbig2,.jb2,.PNG,.PDF,.JPG,.JPE
G,.JBIG2,.JB2,.eps]
(grfext)             \AppendGraphicsExtensions on input line 452.

(/usr/share/texlive/texmf-dist/tex/latex/latexconfig/epstopdf-sys.cfg
File: epstopdf-sys.cfg 2010/07/13 v1.3 Configuration of (r)epstopdf for TeX Liv
e
))
(/usr/share/texlive/texmf-dist/tex/latex/listings/lstlang1.sty
File: lstlang1.sty 2013/08/26 1.5b listings language file
) [1

{/var/lib/texmf/fonts/map/pdftex/updmap/pdftex.map}]
LaTeX Font Info:    Try loading font information for U+msa on input line 65.

(/usr/share/texlive/texmf-dist/tex/latex/amsfonts/umsa.fd
File: umsa.fd 2013/01/14 v3.01 AMS symbols A
)
LaTeX Font Info:    Try loading font information for U+msb on input line 65.

(/usr/share/texlive/texmf-dist/tex/latex/amsfonts/umsb.fd
File: umsb.fd 2013/01/14 v3.01 AMS symbols B
)
Underfull \hbox (badness 10000) in paragraph at lines 89--91

 []

[2]
Underfull \hbox (badness 10000) in paragraph at lines 106--108

 []

(./diceTrials.m
LaTeX Font Info:    Try loading font information for OML+cmr on input line 2.
 (/usr/share/texlive/texmf-dist/tex/latex/base/omlcmr.fd
File: omlcmr.fd 1999/05/25 v2.5h Standard LaTeX font definitions
)
LaTeX Font Info:    Font shape `OML/cmr/m/n' in size <12> not available
(Font)              Font shape `OML/cmm/m/it' tried instead on input line 2.
LaTeX Font Info:    Try loading font information for OMS+cmr on input line 3.

(/usr/share/texlive/texmf-dist/tex/latex/base/omscmr.fd
File: omscmr.fd 1999/05/25 v2.5h Standard LaTeX font definitions
)
LaTeX Font Info:    Font shape `OMS/cmr/m/n' in size <12> not available
(Font)              Font shape `OMS/cmsy/m/n' tried instead on input line 3.
) (./PS0_1_3.m [3])
[4] <plots/1-A-4/a.png, id=25, 516.93124pt x 528.97626pt>
File: plots/1-A-4/a.png Graphic file (type png)

<use plots/1-A-4/a.png>
Package pdftex.def Info: plots/1-A-4/a.png used on input line 115.
(pdftex.def)             Requested size: 319.99997pt x 327.46953pt.
 [5 <./plots/1-A-4/a.png>]
<plots/1-A-4/a_sorted.png, id=29, 516.93124pt x 525.965pt>
File: plots/1-A-4/a_sorted.png Graphic file (type png)

<use plots/1-A-4/a_sorted.png>
Package pdftex.def Info: plots/1-A-4/a_sorted.png used on input line 120.
(pdftex.def)             Requested size: 297.99997pt x 303.21402pt.
 [6 <./plots/1-A-4/a_sorted.png>]
<plots/1-A-4/b.png, id=33, 421.575pt x 316.18124pt>
File: plots/1-A-4/b.png Graphic file (type png)
 <use plots/1-A-4/b.png>
Package pdftex.def Info: plots/1-A-4/b.png used on input line 124.
(pdftex.def)             Requested size: 297.99997pt x 223.50604pt.

<plots/1-A-4/c.png, id=34, 421.575pt x 316.18124pt>
File: plots/1-A-4/c.png Graphic file (type png)
 <use plots/1-A-4/c.png>
Package pdftex.def Info: plots/1-A-4/c.png used on input line 128.
(pdftex.def)             Requested size: 297.99997pt x 223.50604pt.

[7 <./plots/1-A-4/b.png (PNG copy)> <./plots/1-A-4/c.png (PNG copy)>]
<plots/1-A-4/d.png, id=39, 421.575pt x 316.18124pt>
File: plots/1-A-4/d.png Graphic file (type png)
 <use plots/1-A-4/d.png>
Package pdftex.def Info: plots/1-A-4/d.png used on input line 132.
(pdftex.def)             Requested size: 297.99997pt x 223.50604pt.

<plots/1-A-4/e.png, id=40, 1445.4pt x 725.71124pt>
File: plots/1-A-4/e.png Graphic file (type png)
 <use plots/1-A-4/e.png>
Package pdftex.def Info: plots/1-A-4/e.png used on input line 138.
(pdftex.def)             Requested size: 297.99997pt x 149.61334pt.

Underfull \hbox (badness 10000) in paragraph at lines 134--140

 []

(./PS0Q1.m [8 <./plots/1-A-4/d.png (PNG copy)> <./plots/1-A-4/e.png (PNG copy)>
] [9]) <plots/2/inputPS0Q2.jpg, id=47, 1204.5pt x 547.04375pt>
File: plots/2/inputPS0Q2.jpg Graphic file (type jpg)

<use plots/2/inputPS0Q2.jpg>
Package pdftex.def Info: plots/2/inputPS0Q2.jpg used on input line 147.
(pdftex.def)             Requested size: 345.0pt x 156.68536pt.

<plots/2/subplot.png, id=48, 1330.9725pt x 821.0675pt>
File: plots/2/subplot.png Graphic file (type png)

<use plots/2/subplot.png>
Package pdftex.def Info: plots/2/subplot.png used on input line 149.
(pdftex.def)             Requested size: 345.0pt x 212.82103pt.
 [10]
<plots/2/swapImgPS0Q2.png, id=52, 1204.5pt x 547.04375pt>
File: plots/2/swapImgPS0Q2.png Graphic file (type png)

<use plots/2/swapImgPS0Q2.png>
Package pdftex.def Info: plots/2/swapImgPS0Q2.png used on input line 152.
(pdftex.def)             Requested size: 345.0pt x 156.68536pt.

Overfull \hbox (25.00003pt too wide) in paragraph at lines 151--153
[] 
 []

[11 <./plots/2/inputPS0Q2.jpg> <./plots/2/subplot.png>]
<plots/2/grayImgPS0Q2.png, id=56, 1204.5pt x 547.04375pt>
File: plots/2/grayImgPS0Q2.png Graphic file (type png)

<use plots/2/grayImgPS0Q2.png>
Package pdftex.def Info: plots/2/grayImgPS0Q2.png used on input line 154.
(pdftex.def)             Requested size: 345.0pt x 156.68536pt.

Overfull \hbox (25.00003pt too wide) in paragraph at lines 153--156
[] 
 []

<plots/2/negativeImgPS0Q2.png, id=57, 1204.5pt x 547.04375pt>
File: plots/2/negativeImgPS0Q2.png Graphic file (type png)

<use plots/2/negativeImgPS0Q2.png>
Package pdftex.def Info: plots/2/negativeImgPS0Q2.png used on input line 158.
(pdftex.def)             Requested size: 345.0pt x 156.68536pt.

Overfull \hbox (47.00003pt too wide) in paragraph at lines 157--160
[]
 []

[12 <./plots/2/swapImgPS0Q2.png (PNG copy)> <./plots/2/grayImgPS0Q2.png (PNG co
py)> <./plots/2/negativeImgPS0Q2.png (PNG copy)>]
<plots/2/mirrorImgPS0Q2.png, id=61, 1204.5pt x 547.04375pt>
File: plots/2/mirrorImgPS0Q2.png Graphic file (type png)

<use plots/2/mirrorImgPS0Q2.png>
Package pdftex.def Info: plots/2/mirrorImgPS0Q2.png used on input line 161.
(pdftex.def)             Requested size: 345.0pt x 156.68536pt.

Overfull \hbox (47.00003pt too wide) in paragraph at lines 160--162
[] 
 []

<plots/2/avgImgPS0Q2.png, id=62, 1204.5pt x 547.04375pt>
File: plots/2/avgImgPS0Q2.png Graphic file (type png)

<use plots/2/avgImgPS0Q2.png>
Package pdftex.def Info: plots/2/avgImgPS0Q2.png used on input line 163.
(pdftex.def)             Requested size: 345.0pt x 156.68536pt.

Overfull \hbox (47.00003pt too wide) in paragraph at lines 162--164
[] 
 []

<plots/2/addNoiseImgPS0Q2.png, id=63, 1204.5pt x 547.04375pt>
File: plots/2/addNoiseImgPS0Q2.png Graphic file (type png)

<use plots/2/addNoiseImgPS0Q2.png>
Package pdftex.def Info: plots/2/addNoiseImgPS0Q2.png used on input line 165.
(pdftex.def)             Requested size: 345.0pt x 156.68536pt.

Overfull \hbox (47.00003pt too wide) in paragraph at lines 164--166
[] 
 []


Underfull \hbox (badness 10000) in paragraph at lines 167--168

 []

[13 <./plots/2/mirrorImgPS0Q2.png (PNG copy)> <./plots/2/avgImgPS0Q2.png (PNG c
opy)> <./plots/2/addNoiseImgPS0Q2.png (PNG copy)>] (./PS0Q2.m [14]) [15]
(./Murat_Ambarkutuk_PS0.aux) ) 
Here is how much of TeX's memory you used:
 5077 strings out of 495028
 72137 string characters out of 6181497
 252440 words of memory out of 5000000
 8196 multiletter control sequences out of 15000+600000
 8890 words of font info for 34 fonts, out of 8000000 for 9000
 14 hyphenation exceptions out of 8191
 38i,7n,40p,305b,1886s stack positions out of 5000i,500n,10000p,200000b,80000s
</usr/share/texlive/texmf-dist/fonts/type1/public
/amsfonts/cm/cmbx12.pfb></usr/share/texlive/texmf-dist/fonts/type1/public/amsfo
nts/cm/cmex10.pfb></usr/share/texlive/texmf-dist/fonts/type1/public/amsfonts/cm
/cmmi12.pfb></usr/share/texlive/texmf-dist/fonts/type1/public/amsfonts/cm/cmmi8
.pfb></usr/share/texlive/texmf-dist/fonts/type1/public/amsfonts/cm/cmr10.pfb></
usr/share/texlive/texmf-dist/fonts/type1/public/amsfonts/cm/cmr12.pfb></usr/sha
re/texlive/texmf-dist/fonts/type1/public/amsfonts/cm/cmr5.pfb></usr/share/texli
ve/texmf-dist/fonts/type1/public/amsfonts/cm/cmr8.pfb></usr/share/texlive/texmf
-dist/fonts/type1/public/amsfonts/cm/cmsy10.pfb></usr/share/texlive/texmf-dist/
fonts/type1/public/amsfonts/cm/cmsy8.pfb>
Output written on Murat_Ambarkutuk_PS0.pdf (15 pages, 4608935 bytes).
PDF statistics:
 107 PDF objects out of 1000 (max. 8388607)
 65 compressed objects within 1 object stream
 0 named destinations out of 1000 (max. 500000)
 71 words of extra memory for PDF output out of 10000 (max. 10000000)

